<?xml version="1.0" encoding="UTF-8"?>
<testsuite xmlns:xsi="http://www.w3.org/2001/XMLSchema-instance" xsi:schemaLocation="https://maven.apache.org/surefire/maven-surefire-plugin/xsd/surefire-test-report.xsd" name="com.fusesource.byexample.hellocamel.com.fusesource.byexample.hellocamel.CamelContextXmlTest" time="3.137" tests="1" errors="1" skipped="0" failures="0">
  <properties>
[...]
</properties>
  <testcase name="testCamelRoute" classname="com.fusesource.byexample.hellocamel.com.fusesource.byexample.hellocamel.CamelContextXmlTest" time="2.972">
    <error message="org/json/JSONArray" type="java.lang.NoClassDefFoundError">java.lang.NoClassDefFoundError: org/json/JSONArray
	at com.fusesource.byexample.hellocamel.com.fusesource.byexample.hellocamel.CamelContextXmlTest.testCamelRoute(CamelContextXmlTest.java:26)
Caused by: java.lang.ClassNotFoundException: org.json.JSONArray
	at com.fusesource.byexample.hellocamel.com.fusesource.byexample.hellocamel.CamelContextXmlTest.testCamelRoute(CamelContextXmlTest.java:26)
</error>
    <system-out><![CDATA[[                          main] CamelContextXmlTest            INFO  ********************************************************************************
[                          main] CamelContextXmlTest            INFO  Testing: testCamelRoute(com.fusesource.byexample.hellocamel.com.fusesource.byexample.hellocamel.CamelContextXmlTest)
[                          main] CamelContextXmlTest            INFO  ********************************************************************************
[                          main] DefaultTypeConverter           INFO  Loaded 193 type converters
[                          main] SpringCamelContext             INFO  Apache Camel 2.15.1.redhat-621084 (CamelContext: camel-1) is starting
[                          main] SpringCamelContext             INFO  Tracing is enabled on CamelContext: camel-1
[                          main] ManagedManagementStrategy      INFO  JMX is enabled
[                          main] SpringCamelContext             INFO  AllowUseOriginalMessage is enabled. If access to the original message is not needed, then its recommended to turn this option off as it may improve performance.
[                          main] SpringCamelContext             INFO  StreamCaching is not in use. If using streams then its recommended to enable stream caching. See more details at http://camel.apache.org/stream-caching.html
[                          main] JacksonDataFormat              INFO  Registering module: com.fasterxml.jackson.module.jaxb.JaxbAnnotationModule@1c57b40
[                          main] JaxbDataFormat                 INFO  Creating JAXBContext with contextPath: com.dao and ApplicationContextClassLoader: sun.misc.Launcher$AppClassLoader@1c7c054
[                          main] JettyHttpComponent             INFO  Using default Jetty continuation timeout for: Endpoint[http://0.0.0.0:8889/hellocamel]
[                          main] Server                         INFO  jetty-8.1.16.v20140903
[                          main] AbstractConnector              INFO  Started SelectChannelConnector@0.0.0.0:8889
[                          main] SpringCamelContext             INFO  Route: HelloWorldRoute started and consuming from: Endpoint[http://0.0.0.0:8889/hellocamel]
[                          main] SpringCamelContext             INFO  Total 1 routes, of which 1 is started.
[                          main] SpringCamelContext             INFO  Apache Camel 2.15.1.redhat-621084 (CamelContext: camel-1) started in 0.907 seconds
[                          main] CamelContextXmlTest            INFO  ********************************************************************************
[                          main] CamelContextXmlTest            INFO  Testing done: testCamelRoute(com.fusesource.byexample.hellocamel.com.fusesource.byexample.hellocamel.CamelContextXmlTest)
[                          main] CamelContextXmlTest            INFO  Took: 0.000 seconds (0 millis)
[                          main] CamelContextXmlTest            INFO  ********************************************************************************
[                          main] SpringCamelContext             INFO  Apache Camel 2.15.1.redhat-621084 (CamelContext: camel-1) is shutting down
[                          main] DefaultShutdownStrategy        INFO  Starting to graceful shutdown 1 routes (timeout 10 seconds)
[el-1) thread #0 - ShutdownTask] ContextHandler                 INFO  stopped o.e.j.s.ServletContextHandler{/,null}
[el-1) thread #0 - ShutdownTask] DefaultShutdownStrategy        INFO  Route: HelloWorldRoute shutdown complete, was consuming from: Endpoint[http://0.0.0.0:8889/hellocamel]
[                          main] DefaultShutdownStrategy        INFO  Graceful shutdown of 1 routes completed in 0 seconds
[                          main] DefaultTypeConverter           INFO  TypeConverterRegistry utilization[noop=0, attempts=0, hits=0, misses=0, failures=0] mappings[total=193, misses=0]
[                          main] SpringCamelContext             INFO  Apache Camel 2.15.1.redhat-621084 (CamelContext: camel-1) uptime 0.991 seconds
[                          main] SpringCamelContext             INFO  Apache Camel 2.15.1.redhat-621084 (CamelContext: camel-1) is shutdown in 0.069 seconds
]]></system-out>
  </testcase>
</testsuite>